<?xml version="1.0" encoding="UTF-8"?>
<!-- Generated by org.testng.reporters.JUnitReportReporter -->
<testsuite hostname="DESKTOP-ILIR5MF" name="com.qa.app.test.LoginTest" tests="5" failures="0" timestamp="25 Jan 2023 16:00:57 GMT" time="0.206" errors="0">
  <testcase name="loginTest" time="0.066" classname="com.qa.app.test.LoginTest"/>
  <testcase name="isForgotPasswordlinkExitTest" time="0.031" classname="com.qa.app.test.LoginTest"/>
  <testcase name="loginPageTitleTest" time="0.016" classname="com.qa.app.test.LoginTest"/>
  <testcase name="isRegisterlinkExitTest" time="0.083" classname="com.qa.app.test.LoginTest"/>
  <testcase name="loginPageURLTest" time="0.010" classname="com.qa.app.test.LoginTest"/>
</testsuite> <!-- com.qa.app.test.LoginTest -->
